c:\users\edoardo luci\desktop\nuova cartella (12)\win32project2 - copia\win32project2\databaselayer\lib\vc_lib\wxcode_msw28ud_databaselayer_sqlite.pdb
c:\users\edoardo luci\desktop\nuova cartella (12)\win32project2 - copia\win32project2\databaselayer\lib\vc_lib\wxcode_msw28ud_databaselayer_sqlite.idb
c:\users\edoardo luci\desktop\nuova cartella (12)\win32project2 - copia\win32project2\databaselayer\build\vcmswud\databaselayer_sqlite\databaseerrorreporter.obj
c:\users\edoardo luci\desktop\nuova cartella (12)\win32project2 - copia\win32project2\databaselayer\build\vcmswud\databaselayer_sqlite\databaselayer.obj
c:\users\edoardo luci\desktop\nuova cartella (12)\win32project2 - copia\win32project2\databaselayer\build\vcmswud\databaselayer_sqlite\databasequeryparser.obj
c:\users\edoardo luci\desktop\nuova cartella (12)\win32project2 - copia\win32project2\databaselayer\build\vcmswud\databaselayer_sqlite\databaseresultset.obj
c:\users\edoardo luci\desktop\nuova cartella (12)\win32project2 - copia\win32project2\databaselayer\build\vcmswud\databaselayer_sqlite\databasestringconverter.obj
c:\users\edoardo luci\desktop\nuova cartella (12)\win32project2 - copia\win32project2\databaselayer\build\vcmswud\databaselayer_sqlite\preparedstatement.obj
c:\users\edoardo luci\desktop\nuova cartella (12)\win32project2 - copia\win32project2\databaselayer\build\vcmswud\databaselayer_sqlite\sqlitedatabaselayer.obj
c:\users\edoardo luci\desktop\nuova cartella (12)\win32project2 - copia\win32project2\databaselayer\build\vcmswud\databaselayer_sqlite\sqlitepreparedstatement.obj
c:\users\edoardo luci\desktop\nuova cartella (12)\win32project2 - copia\win32project2\databaselayer\build\vcmswud\databaselayer_sqlite\sqliteresultset.obj
c:\users\edoardo luci\desktop\nuova cartella (12)\win32project2 - copia\win32project2\databaselayer\build\vcmswud\databaselayer_sqlite\sqliteresultsetmetadata.obj
c:\users\edoardo luci\desktop\nuova cartella (12)\win32project2 - copia\win32project2\databaselayer\lib\vc_lib\wxcode_msw28ud_databaselayer_sqlite.lib
c:\users\edoardo luci\desktop\nuova cartella (12)\win32project2 - copia\win32project2\databaselayer\build\.\..\lib\vc_lib\wxcode_msw28ud_databaselayer_sqlite.lib
c:\users\edoardo luci\desktop\nuova cartella (12)\win32project2 - copia\win32project2\databaselayer\build\vcmswud\databaselayer_sqlite\database.60cdc470.tlog\cl.command.1.tlog
c:\users\edoardo luci\desktop\nuova cartella (12)\win32project2 - copia\win32project2\databaselayer\build\vcmswud\databaselayer_sqlite\database.60cdc470.tlog\cl.read.1.tlog
c:\users\edoardo luci\desktop\nuova cartella (12)\win32project2 - copia\win32project2\databaselayer\build\vcmswud\databaselayer_sqlite\database.60cdc470.tlog\cl.write.1.tlog
c:\users\edoardo luci\desktop\nuova cartella (12)\win32project2 - copia\win32project2\databaselayer\build\vcmswud\databaselayer_sqlite\database.60cdc470.tlog\lib-link.read.1.tlog
c:\users\edoardo luci\desktop\nuova cartella (12)\win32project2 - copia\win32project2\databaselayer\build\vcmswud\databaselayer_sqlite\database.60cdc470.tlog\lib-link.write.1.tlog
c:\users\edoardo luci\desktop\nuova cartella (12)\win32project2 - copia\win32project2\databaselayer\build\vcmswud\databaselayer_sqlite\database.60cdc470.tlog\lib.command.1.tlog
